# JRE version: Java(TM) SE Runtime Environment (7.0_51-b13) (build 1.7.0_51-b13)
# Java VM: Java HotSpot(TM) 64-Bit Server VM (24.51-b03 mixed mode windows-amd64 compressed oops)
Heap
 PSYoungGen      total 24064K, used 22412K [0x00000000ec600000, 0x00000000ee880000, 0x0000000100000000)
  eden space 22016K, 93% used [0x00000000ec600000,0x00000000eda0b868,0x00000000edb80000)
  from space 2048K, 92% used [0x00000000ee680000,0x00000000ee857b50,0x00000000ee880000)
  to   space 2560K, 0% used [0x00000000ee380000,0x00000000ee380000,0x00000000ee600000)
 ParOldGen       total 62976K, used 12441K [0x00000000c5200000, 0x00000000c8f80000, 0x00000000ec600000)
  object space 62976K, 19% used [0x00000000c5200000,0x00000000c5e26698,0x00000000c8f80000)
 PSPermGen       total 23040K, used 14201K [0x00000000c0000000, 0x00000000c1680000, 0x00000000c5200000)
  object space 23040K, 61% used [0x00000000c0000000,0x00000000c0dde498,0x00000000c1680000)
GC Heap History (10 events):
Event: 2.312 GC heap before
{Heap before GC invocations=1 (full 0):
 PSYoungGen      total 17920K, used 15360K [0x00000000ec600000, 0x00000000eda00000, 0x0000000100000000)
  eden space 15360K, 100% used [0x00000000ec600000,0x00000000ed500000,0x00000000ed500000)
  from space 2560K, 0% used [0x00000000ed780000,0x00000000ed780000,0x00000000eda00000)
  to   space 2560K, 0% used [0x00000000ed500000,0x00000000ed500000,0x00000000ed780000)
 ParOldGen       total 39936K, used 0K [0x00000000c5200000, 0x00000000c7900000, 0x00000000ec600000)
  object space 39936K, 0% used [0x00000000c5200000,0x00000000c5200000,0x00000000c7900000)
 PSPermGen       total 21504K, used 9937K [0x00000000c0000000, 0x00000000c1500000, 0x00000000c5200000)
  object space 21504K, 46% used [0x00000000c0000000,0x00000000c09b4720,0x00000000c1500000)
Event: 2.325 GC heap after
Heap after GC invocations=1 (full 0):
 PSYoungGen      total 17920K, used 2559K [0x00000000ec600000, 0x00000000eda00000, 0x0000000100000000)
  eden space 15360K, 0% used [0x00000000ec600000,0x00000000ec600000,0x00000000ed500000)
  from space 2560K, 99% used [0x00000000ed500000,0x00000000ed77fd18,0x00000000ed780000)
  to   space 2560K, 0% used [0x00000000ed780000,0x00000000ed780000,0x00000000eda00000)
 ParOldGen       total 39936K, used 1236K [0x00000000c5200000, 0x00000000c7900000, 0x00000000ec600000)
  object space 39936K, 3% used [0x00000000c5200000,0x00000000c53351b0,0x00000000c7900000)
 PSPermGen       total 21504K, used 9937K [0x00000000c0000000, 0x00000000c1500000, 0x00000000c5200000)
  object space 21504K, 46% used [0x00000000c0000000,0x00000000c09b4720,0x00000000c1500000)
}
Event: 2.965 GC heap before
{Heap before GC invocations=2 (full 0):
 PSYoungGen      total 17920K, used 17919K [0x00000000ec600000, 0x00000000eda00000, 0x0000000100000000)
  eden space 15360K, 100% used [0x00000000ec600000,0x00000000ed500000,0x00000000ed500000)
  from space 2560K, 99% used [0x00000000ed500000,0x00000000ed77fd18,0x00000000ed780000)
  to   space 2560K, 0% used [0x00000000ed780000,0x00000000ed780000,0x00000000eda00000)
 ParOldGen       total 39936K, used 1236K [0x00000000c5200000, 0x00000000c7900000, 0x00000000ec600000)
  object space 39936K, 3% used [0x00000000c5200000,0x00000000c53351b0,0x00000000c7900000)
 PSPermGen       total 21504K, used 11048K [0x00000000c0000000, 0x00000000c1500000, 0x00000000c5200000)
  object space 21504K, 51% used [0x00000000c0000000,0x00000000c0aca3e8,0x00000000c1500000)
Event: 2.976 GC heap after
Heap after GC invocations=2 (full 0):
 PSYoungGen      total 17920K, used 2530K [0x00000000ec600000, 0x00000000ee900000, 0x0000000100000000)
  eden space 15360K, 0% used [0x00000000ec600000,0x00000000ec600000,0x00000000ed500000)
  from space 2560K, 98% used [0x00000000ed780000,0x00000000ed9f8a00,0x00000000eda00000)
  to   space 2560K, 0% used [0x00000000ed500000,0x00000000ed500000,0x00000000ed780000)
 ParOldGen       total 39936K, used 1982K [0x00000000c5200000, 0x00000000c7900000, 0x00000000ec600000)
  object space 39936K, 4% used [0x00000000c5200000,0x00000000c53ef838,0x00000000c7900000)
 PSPermGen       total 21504K, used 11048K [0x00000000c0000000, 0x00000000c1500000, 0x00000000c5200000)
  object space 21504K, 51% used [0x00000000c0000000,0x00000000c0aca3e8,0x00000000c1500000)
}
Event: 3.242 GC heap before
{Heap before GC invocations=3 (full 0):
 PSYoungGen      total 17920K, used 17883K [0x00000000ec600000, 0x00000000ee900000, 0x0000000100000000)
  eden space 15360K, 99% used [0x00000000ec600000,0x00000000ed4fe2a0,0x00000000ed500000)
  from space 2560K, 98% used [0x00000000ed780000,0x00000000ed9f8a00,0x00000000eda00000)
  to   space 2560K, 0% used [0x00000000ed500000,0x00000000ed500000,0x00000000ed780000)
 ParOldGen       total 39936K, used 1982K [0x00000000c5200000, 0x00000000c7900000, 0x00000000ec600000)
  object space 39936K, 4% used [0x00000000c5200000,0x00000000c53ef838,0x00000000c7900000)
 PSPermGen       total 21504K, used 11373K [0x00000000c0000000, 0x00000000c1500000, 0x00000000c5200000)
  object space 21504K, 52% used [0x00000000c0000000,0x00000000c0b1b4b8,0x00000000c1500000)
Event: 3.262 GC heap after
Heap after GC invocations=3 (full 0):
 PSYoungGen      total 17920K, used 2530K [0x00000000ec600000, 0x00000000ee900000, 0x0000000100000000)
  eden space 15360K, 0% used [0x00000000ec600000,0x00000000ec600000,0x00000000ed500000)
  from space 2560K, 98% used [0x00000000ed500000,0x00000000ed7789e0,0x00000000ed780000)
  to   space 2560K, 0% used [0x00000000ee680000,0x00000000ee680000,0x00000000ee900000)
 ParOldGen       total 39936K, used 28690K [0x00000000c5200000, 0x00000000c7900000, 0x00000000ec600000)
  object space 39936K, 71% used [0x00000000c5200000,0x00000000c6e04a50,0x00000000c7900000)
 PSPermGen       total 21504K, used 11373K [0x00000000c0000000, 0x00000000c1500000, 0x00000000c5200000)
  object space 21504K, 52% used [0x00000000c0000000,0x00000000c0b1b4b8,0x00000000c1500000)
}
Event: 3.262 GC heap before
{Heap before GC invocations=4 (full 1):
 PSYoungGen      total 17920K, used 2530K [0x00000000ec600000, 0x00000000ee900000, 0x0000000100000000)
  eden space 15360K, 0% used [0x00000000ec600000,0x00000000ec600000,0x00000000ed500000)
  from space 2560K, 98% used [0x00000000ed500000,0x00000000ed7789e0,0x00000000ed780000)
  to   space 2560K, 0% used [0x00000000ee680000,0x00000000ee680000,0x00000000ee900000)
 ParOldGen       total 39936K, used 28690K [0x00000000c5200000, 0x00000000c7900000, 0x00000000ec600000)
  object space 39936K, 71% used [0x00000000c5200000,0x00000000c6e04a50,0x00000000c7900000)
 PSPermGen       total 21504K, used 11373K [0x00000000c0000000, 0x00000000c1500000, 0x00000000c5200000)
  object space 21504K, 52% used [0x00000000c0000000,0x00000000c0b1b4b8,0x00000000c1500000)
Event: 3.367 GC heap after
Heap after GC invocations=4 (full 1):
 PSYoungGen      total 17920K, used 0K [0x00000000ec600000, 0x00000000ee900000, 0x0000000100000000)
  eden space 15360K, 0% used [0x00000000ec600000,0x00000000ec600000,0x00000000ed500000)
  from space 2560K, 0% used [0x00000000ed500000,0x00000000ed500000,0x00000000ed780000)
  to   space 2560K, 0% used [0x00000000ee680000,0x00000000ee680000,0x00000000ee900000)
 ParOldGen       total 62976K, used 12441K [0x00000000c5200000, 0x00000000c8f80000, 0x00000000ec600000)
  object space 62976K, 19% used [0x00000000c5200000,0x00000000c5e26698,0x00000000c8f80000)
 PSPermGen       total 23040K, used 11371K [0x00000000c0000000, 0x00000000c1680000, 0x00000000c5200000)
  object space 23040K, 49% used [0x00000000c0000000,0x00000000c0b1ad40,0x00000000c1680000)
}
Event: 5.358 GC heap before
{Heap before GC invocations=5 (full 1):
 PSYoungGen      total 17920K, used 15360K [0x00000000ec600000, 0x00000000ee900000, 0x0000000100000000)
  eden space 15360K, 100% used [0x00000000ec600000,0x00000000ed500000,0x00000000ed500000)
  from space 2560K, 0% used [0x00000000ed500000,0x00000000ed500000,0x00000000ed780000)
  to   space 2560K, 0% used [0x00000000ee680000,0x00000000ee680000,0x00000000ee900000)
 ParOldGen       total 62976K, used 12441K [0x00000000c5200000, 0x00000000c8f80000, 0x00000000ec600000)
  object space 62976K, 19% used [0x00000000c5200000,0x00000000c5e26698,0x00000000c8f80000)
 PSPermGen       total 23040K, used 12418K [0x00000000c0000000, 0x00000000c1680000, 0x00000000c5200000)
  object space 23040K, 53% used [0x00000000c0000000,0x00000000c0c20898,0x00000000c1680000)
Event: 5.363 GC heap after
Heap after GC invocations=5 (full 1):
 PSYoungGen      total 24064K, used 1886K [0x00000000ec600000, 0x00000000ee880000, 0x0000000100000000)
  eden space 22016K, 0% used [0x00000000ec600000,0x00000000ec600000,0x00000000edb80000)
  from space 2048K, 92% used [0x00000000ee680000,0x00000000ee857b50,0x00000000ee880000)
  to   space 2560K, 0% used [0x00000000ee380000,0x00000000ee380000,0x00000000ee600000)
 ParOldGen       total 62976K, used 12441K [0x00000000c5200000, 0x00000000c8f80000, 0x00000000ec600000)
  object space 62976K, 19% used [0x00000000c5200000,0x00000000c5e26698,0x00000000c8f80000)
 PSPermGen       total 23040K, used 12418K [0x00000000c0000000, 0x00000000c1680000, 0x00000000c5200000)
  object space 23040K, 53% used [0x00000000c0000000,0x00000000c0c20898,0x00000000c1680000)
}

